<?xml version="1.0" encoding="UTF-8"?>
<testsuite xmlns:xsi="http://www.w3.org/2001/XMLSchema-instance" xsi:noNamespaceSchemaLocation="https://maven.apache.org/surefire/maven-surefire-plugin/xsd/surefire-test-report-3.0.xsd" version="3.0" name="TestSuite" time="0.798" tests="3" errors="0" skipped="0" failures="0">
  <properties>
[...]
</properties>
  <testcase name="m1" classname="test.test" time="0.005">
    <system-out><![CDATA[hello
]]></system-out>
  </testcase>
  <testcase name="m2" classname="test.test" time="0">
    <system-out><![CDATA[hello harshini
]]></system-out>
  </testcase>
  <testcase name="m3" classname="test.test" time="0">
    <system-out><![CDATA[hello amogha anuroop
]]></system-out>
  </testcase>
</testsuite>