<?xml version="1.0" encoding="UTF-8"?>
<testng-results skipped="0" failed="0" ignored="0" total="3" passed="3">
  <reporter-output>
  </reporter-output>
  <suite name="Suite" duration-ms="48" started-at="2021-07-24T16:55:53 PDT" finished-at="2021-07-24T16:55:53 PDT">
    <groups>
    </groups>
    <test name="Test" duration-ms="48" started-at="2021-07-24T16:55:53 PDT" finished-at="2021-07-24T16:55:53 PDT">
      <class name="test.test">
        <test-method status="PASS" signature="m1()[pri:0, instance:test.test@5702b3b1]" name="m1" duration-ms="4" started-at="2021-07-24T16:55:53 PDT" finished-at="2021-07-24T16:55:53 PDT">
          <reporter-output>
          </reporter-output>
        </test-method> <!-- m1 -->
        <test-method status="PASS" signature="m2()[pri:0, instance:test.test@5702b3b1]" name="m2" duration-ms="0" started-at="2021-07-24T16:55:53 PDT" finished-at="2021-07-24T16:55:53 PDT">
          <reporter-output>
          </reporter-output>
        </test-method> <!-- m2 -->
        <test-method status="PASS" signature="m3()[pri:0, instance:test.test@5702b3b1]" name="m3" duration-ms="0" started-at="2021-07-24T16:55:53 PDT" finished-at="2021-07-24T16:55:53 PDT">
          <reporter-output>
          </reporter-output>
        </test-method> <!-- m3 -->
      </class> <!-- test.test -->
    </test> <!-- Test -->
  </suite> <!-- Suite -->
</testng-results>
