<?xml version="1.0" encoding="UTF-8"?>
<testng-results skipped="0" failed="0" ignored="0" total="3" passed="3">
  <reporter-output>
  </reporter-output>
  <suite name="Suite" duration-ms="62" started-at="2021-07-22T19:25:24 PDT" finished-at="2021-07-22T19:25:24 PDT">
    <groups>
    </groups>
    <test name="Test" duration-ms="62" started-at="2021-07-22T19:25:24 PDT" finished-at="2021-07-22T19:25:24 PDT">
      <class name="test.test">
        <test-method status="PASS" signature="m1()[pri:0, instance:test.test@6321e813]" name="m1" duration-ms="9" started-at="2021-07-22T19:25:24 PDT" finished-at="2021-07-22T19:25:24 PDT">
          <reporter-output>
          </reporter-output>
        </test-method> <!-- m1 -->
        <test-method status="PASS" signature="m2()[pri:0, instance:test.test@6321e813]" name="m2" duration-ms="3" started-at="2021-07-22T19:25:24 PDT" finished-at="2021-07-22T19:25:24 PDT">
          <reporter-output>
          </reporter-output>
        </test-method> <!-- m2 -->
        <test-method status="PASS" signature="m3()[pri:0, instance:test.test@6321e813]" name="m3" duration-ms="2" started-at="2021-07-22T19:25:24 PDT" finished-at="2021-07-22T19:25:24 PDT">
          <reporter-output>
          </reporter-output>
        </test-method> <!-- m3 -->
      </class> <!-- test.test -->
    </test> <!-- Test -->
  </suite> <!-- Suite -->
</testng-results>
